<?xml version="1.0" encoding="UTF-8"?>
<testsuite xmlns:xsi="http://www.w3.org/2001/XMLSchema-instance" xsi:schemaLocation="https://maven.apache.org/surefire/maven-surefire-plugin/xsd/surefire-test-report.xsd" name="UserControllerTest" time="3.483" tests="3" errors="0" skipped="0" failures="3">
  <properties>
    <property name="java.runtime.name" value="Java(TM) SE Runtime Environment"/>
    <property name="sun.boot.library.path" value="/Library/Java/JavaVirtualMachines/jdk1.8.0_66.jdk/Contents/Home/jre/lib"/>
    <property name="java.vm.version" value="25.66-b17"/>
    <property name="user.country.format" value="US_POSIX"/>
    <property name="gopherProxySet" value="false"/>
    <property name="java.vm.vendor" value="Oracle Corporation"/>
    <property name="java.vendor.url" value="http://java.oracle.com/"/>
    <property name="path.separator" value=":"/>
    <property name="guice.disable.misplaced.annotation.check" value="true"/>
    <property name="java.vm.name" value="Java HotSpot(TM) 64-Bit Server VM"/>
    <property name="file.encoding.pkg" value="sun.io"/>
    <property name="user.country" value="US"/>
    <property name="sun.java.launcher" value="SUN_STANDARD"/>
    <property name="sun.os.patch.level" value="unknown"/>
    <property name="java.vm.specification.name" value="Java Virtual Machine Specification"/>
    <property name="user.dir" value="/Users/nguyen.van.tan/springs/coffee"/>
    <property name="java.runtime.version" value="1.8.0_66-b17"/>
    <property name="java.awt.graphicsenv" value="sun.awt.CGraphicsEnvironment"/>
    <property name="java.endorsed.dirs" value="/Library/Java/JavaVirtualMachines/jdk1.8.0_66.jdk/Contents/Home/jre/lib/endorsed"/>
    <property name="os.arch" value="x86_64"/>
    <property name="java.io.tmpdir" value="/var/folders/zg/m6mx3r4s5gz4gz6qwsclcdq9xyhtlm/T/"/>
    <property name="line.separator" value="&#10;"/>
    <property name="java.vm.specification.vendor" value="Oracle Corporation"/>
    <property name="os.name" value="Mac OS X"/>
    <property name="classworlds.conf" value="/usr/local/Cellar/maven32/3.2.5/libexec/bin/m2.conf"/>
    <property name="sun.jnu.encoding" value="UTF-8"/>
    <property name="java.library.path" value="/Users/nguyen.van.tan/Library/Java/Extensions:/Library/Java/Extensions:/Network/Library/Java/Extensions:/System/Library/Java/Extensions:/usr/lib/java:."/>
    <property name="java.specification.name" value="Java Platform API Specification"/>
    <property name="java.class.version" value="52.0"/>
    <property name="sun.management.compiler" value="HotSpot 64-Bit Tiered Compilers"/>
    <property name="os.version" value="10.12.3"/>
    <property name="http.nonProxyHosts" value="local|*.local|169.254/16|*.169.254/16"/>
    <property name="user.home" value="/Users/nguyen.van.tan"/>
    <property name="user.timezone" value="Asia/Ho_Chi_Minh"/>
    <property name="java.awt.printerjob" value="sun.lwawt.macosx.CPrinterJob"/>
    <property name="java.specification.version" value="1.8"/>
    <property name="file.encoding" value="UTF-8"/>
    <property name="user.name" value="nguyen.van.tan"/>
    <property name="java.class.path" value="/usr/local/Cellar/maven32/3.2.5/libexec/boot/plexus-classworlds-2.5.2.jar"/>
    <property name="java.vm.specification.version" value="1.8"/>
    <property name="sun.arch.data.model" value="64"/>
    <property name="java.home" value="/Library/Java/JavaVirtualMachines/jdk1.8.0_66.jdk/Contents/Home/jre"/>
    <property name="sun.java.command" value="org.codehaus.plexus.classworlds.launcher.Launcher clean install"/>
    <property name="java.specification.vendor" value="Oracle Corporation"/>
    <property name="user.language" value="en"/>
    <property name="awt.toolkit" value="sun.lwawt.macosx.LWCToolkit"/>
    <property name="java.vm.info" value="mixed mode"/>
    <property name="java.version" value="1.8.0_66"/>
    <property name="java.ext.dirs" value="/Users/nguyen.van.tan/Library/Java/Extensions:/Library/Java/JavaVirtualMachines/jdk1.8.0_66.jdk/Contents/Home/jre/lib/ext:/Library/Java/Extensions:/Network/Library/Java/Extensions:/System/Library/Java/Extensions:/usr/lib/java"/>
    <property name="sun.boot.class.path" value="/Library/Java/JavaVirtualMachines/jdk1.8.0_66.jdk/Contents/Home/jre/lib/resources.jar:/Library/Java/JavaVirtualMachines/jdk1.8.0_66.jdk/Contents/Home/jre/lib/rt.jar:/Library/Java/JavaVirtualMachines/jdk1.8.0_66.jdk/Contents/Home/jre/lib/sunrsasign.jar:/Library/Java/JavaVirtualMachines/jdk1.8.0_66.jdk/Contents/Home/jre/lib/jsse.jar:/Library/Java/JavaVirtualMachines/jdk1.8.0_66.jdk/Contents/Home/jre/lib/jce.jar:/Library/Java/JavaVirtualMachines/jdk1.8.0_66.jdk/Contents/Home/jre/lib/charsets.jar:/Library/Java/JavaVirtualMachines/jdk1.8.0_66.jdk/Contents/Home/jre/lib/jfr.jar:/Library/Java/JavaVirtualMachines/jdk1.8.0_66.jdk/Contents/Home/jre/classes"/>
    <property name="java.vendor" value="Oracle Corporation"/>
    <property name="maven.home" value="/usr/local/Cellar/maven32/3.2.5/libexec"/>
    <property name="file.separator" value="/"/>
    <property name="java.vendor.url.bug" value="http://bugreport.sun.com/bugreport/"/>
    <property name="sun.cpu.endian" value="little"/>
    <property name="sun.io.unicode.encoding" value="UnicodeBig"/>
    <property name="socksNonProxyHosts" value="local|*.local|169.254/16|*.169.254/16"/>
    <property name="ftp.nonProxyHosts" value="local|*.local|169.254/16|*.169.254/16"/>
    <property name="sun.cpu.isalist" value=""/>
  </properties>
  <testcase name="test_get_by_id_success on test_get_by_id_success(UserControllerTest)" classname="UserControllerTest" time="2.497">
    <failure message="Status expected:&lt;200&gt; but was:&lt;404&gt;" type="java.lang.AssertionError"><![CDATA[java.lang.AssertionError: Status expected:<200> but was:<404>
	at UserControllerTest.test_get_by_id_success(UserControllerTest.java:98)
]]></failure>
    <system-out><![CDATA[08:18:52.858 [main] INFO  o.h.validator.internal.util.Version - HV000001: Hibernate Validator 5.4.0.Final
]]></system-out>
    <system-err><![CDATA[Jun 13, 2017 8:18:51 AM org.springframework.test.web.servlet.setup.StandaloneMockMvcBuilder$StaticRequestMappingHandlerMapping register
INFO: Mapped "{[/newuser],methods=[POST]}" onto public java.lang.String coffee.controller.AppController.saveUser(coffee.model.User,org.springframework.validation.BindingResult,org.springframework.ui.ModelMap)
Jun 13, 2017 8:18:51 AM org.springframework.test.web.servlet.setup.StandaloneMockMvcBuilder$StaticRequestMappingHandlerMapping register
INFO: Mapped "{[/edit-user-{ssoId}],methods=[POST]}" onto public java.lang.String coffee.controller.AppController.updateUser(coffee.model.User,org.springframework.validation.BindingResult,org.springframework.ui.ModelMap,java.lang.String)
Jun 13, 2017 8:18:51 AM org.springframework.test.web.servlet.setup.StandaloneMockMvcBuilder$StaticRequestMappingHandlerMapping register
INFO: Mapped "{[/ || /list],methods=[GET]}" onto public java.lang.String coffee.controller.AppController.listUsers(org.springframework.ui.ModelMap)
Jun 13, 2017 8:18:51 AM org.springframework.test.web.servlet.setup.StandaloneMockMvcBuilder$StaticRequestMappingHandlerMapping register
INFO: Mapped "{[/newuser],methods=[GET]}" onto public java.lang.String coffee.controller.AppController.newUser(org.springframework.ui.ModelMap)
Jun 13, 2017 8:18:51 AM org.springframework.test.web.servlet.setup.StandaloneMockMvcBuilder$StaticRequestMappingHandlerMapping register
INFO: Mapped "{[/edit-user-{ssoId}],methods=[GET]}" onto public java.lang.String coffee.controller.AppController.editUser(java.lang.String,org.springframework.ui.ModelMap)
Jun 13, 2017 8:18:51 AM org.springframework.test.web.servlet.setup.StandaloneMockMvcBuilder$StaticRequestMappingHandlerMapping register
INFO: Mapped "{[/delete-user-{ssoId}],methods=[GET]}" onto public java.lang.String coffee.controller.AppController.deleteUser(java.lang.String)
Jun 13, 2017 8:18:51 AM org.springframework.test.web.servlet.setup.StandaloneMockMvcBuilder$StaticRequestMappingHandlerMapping register
INFO: Mapped "{[/Access_Denied],methods=[GET]}" onto public java.lang.String coffee.controller.AppController.accessDeniedPage(org.springframework.ui.ModelMap)
Jun 13, 2017 8:18:51 AM org.springframework.test.web.servlet.setup.StandaloneMockMvcBuilder$StaticRequestMappingHandlerMapping register
INFO: Mapped "{[/login],methods=[GET]}" onto public java.lang.String coffee.controller.AppController.loginPage()
Jun 13, 2017 8:18:51 AM org.springframework.test.web.servlet.setup.StandaloneMockMvcBuilder$StaticRequestMappingHandlerMapping register
INFO: Mapped "{[/logout],methods=[GET]}" onto public java.lang.String coffee.controller.AppController.logoutPage(javax.servlet.http.HttpServletRequest,javax.servlet.http.HttpServletResponse)
Jun 13, 2017 8:18:52 AM org.springframework.web.servlet.mvc.method.annotation.RequestMappingHandlerAdapter initControllerAdviceCache
INFO: Looking for @ControllerAdvice: org.springframework.test.web.servlet.setup.StubWebApplicationContext@5b8853
Jun 13, 2017 8:18:53 AM org.springframework.mock.web.MockServletContext log
INFO: Initializing Spring FrameworkServlet ''
Jun 13, 2017 8:18:53 AM org.springframework.test.web.servlet.TestDispatcherServlet initServletBean
INFO: FrameworkServlet '': initialization started
Jun 13, 2017 8:18:53 AM org.springframework.test.web.servlet.TestDispatcherServlet initServletBean
INFO: FrameworkServlet '': initialization completed in 5 ms
Jun 13, 2017 8:18:53 AM org.springframework.web.servlet.PageNotFound noHandlerFound
WARNING: No mapping found for HTTP request with URI [/users/1] in DispatcherServlet with name ''
]]></system-err>
  </testcase>
  <testcase name="test_get_by_id_fail_404_not_found on test_get_by_id_fail_404_not_found(UserControllerTest)" classname="UserControllerTest" time="0.072">
    <failure message="&#10;Wanted but not invoked:&#10;userService.findById(1);&#10;-&gt; at UserControllerTest.test_get_by_id_fail_404_not_found(UserControllerTest.java:115)&#10;Actually, there were zero interactions with this mock.&#10;" type="org.mockito.exceptions.verification.WantedButNotInvoked">org.mockito.exceptions.verification.WantedButNotInvoked: 

Wanted but not invoked:
userService.findById(1);
-> at UserControllerTest.test_get_by_id_fail_404_not_found(UserControllerTest.java:115)
Actually, there were zero interactions with this mock.

	at UserControllerTest.test_get_by_id_fail_404_not_found(UserControllerTest.java:115)
</failure>
    <system-err><![CDATA[Jun 13, 2017 8:18:53 AM org.springframework.test.web.servlet.setup.StandaloneMockMvcBuilder$StaticRequestMappingHandlerMapping register
INFO: Mapped "{[/newuser],methods=[POST]}" onto public java.lang.String coffee.controller.AppController.saveUser(coffee.model.User,org.springframework.validation.BindingResult,org.springframework.ui.ModelMap)
Jun 13, 2017 8:18:53 AM org.springframework.test.web.servlet.setup.StandaloneMockMvcBuilder$StaticRequestMappingHandlerMapping register
INFO: Mapped "{[/edit-user-{ssoId}],methods=[POST]}" onto public java.lang.String coffee.controller.AppController.updateUser(coffee.model.User,org.springframework.validation.BindingResult,org.springframework.ui.ModelMap,java.lang.String)
Jun 13, 2017 8:18:53 AM org.springframework.test.web.servlet.setup.StandaloneMockMvcBuilder$StaticRequestMappingHandlerMapping register
INFO: Mapped "{[/ || /list],methods=[GET]}" onto public java.lang.String coffee.controller.AppController.listUsers(org.springframework.ui.ModelMap)
Jun 13, 2017 8:18:53 AM org.springframework.test.web.servlet.setup.StandaloneMockMvcBuilder$StaticRequestMappingHandlerMapping register
INFO: Mapped "{[/newuser],methods=[GET]}" onto public java.lang.String coffee.controller.AppController.newUser(org.springframework.ui.ModelMap)
Jun 13, 2017 8:18:53 AM org.springframework.test.web.servlet.setup.StandaloneMockMvcBuilder$StaticRequestMappingHandlerMapping register
INFO: Mapped "{[/edit-user-{ssoId}],methods=[GET]}" onto public java.lang.String coffee.controller.AppController.editUser(java.lang.String,org.springframework.ui.ModelMap)
Jun 13, 2017 8:18:53 AM org.springframework.test.web.servlet.setup.StandaloneMockMvcBuilder$StaticRequestMappingHandlerMapping register
INFO: Mapped "{[/delete-user-{ssoId}],methods=[GET]}" onto public java.lang.String coffee.controller.AppController.deleteUser(java.lang.String)
Jun 13, 2017 8:18:53 AM org.springframework.test.web.servlet.setup.StandaloneMockMvcBuilder$StaticRequestMappingHandlerMapping register
INFO: Mapped "{[/Access_Denied],methods=[GET]}" onto public java.lang.String coffee.controller.AppController.accessDeniedPage(org.springframework.ui.ModelMap)
Jun 13, 2017 8:18:53 AM org.springframework.test.web.servlet.setup.StandaloneMockMvcBuilder$StaticRequestMappingHandlerMapping register
INFO: Mapped "{[/login],methods=[GET]}" onto public java.lang.String coffee.controller.AppController.loginPage()
Jun 13, 2017 8:18:53 AM org.springframework.test.web.servlet.setup.StandaloneMockMvcBuilder$StaticRequestMappingHandlerMapping register
INFO: Mapped "{[/logout],methods=[GET]}" onto public java.lang.String coffee.controller.AppController.logoutPage(javax.servlet.http.HttpServletRequest,javax.servlet.http.HttpServletResponse)
Jun 13, 2017 8:18:53 AM org.springframework.web.servlet.mvc.method.annotation.RequestMappingHandlerAdapter initControllerAdviceCache
INFO: Looking for @ControllerAdvice: org.springframework.test.web.servlet.setup.StubWebApplicationContext@1b914e36
Jun 13, 2017 8:18:53 AM org.springframework.mock.web.MockServletContext log
INFO: Initializing Spring FrameworkServlet ''
Jun 13, 2017 8:18:53 AM org.springframework.test.web.servlet.TestDispatcherServlet initServletBean
INFO: FrameworkServlet '': initialization started
Jun 13, 2017 8:18:53 AM org.springframework.test.web.servlet.TestDispatcherServlet initServletBean
INFO: FrameworkServlet '': initialization completed in 0 ms
Jun 13, 2017 8:18:53 AM org.springframework.web.servlet.PageNotFound noHandlerFound
WARNING: No mapping found for HTTP request with URI [/users/1] in DispatcherServlet with name ''
]]></system-err>
  </testcase>
  <testcase name="test_get_all_success on test_get_all_success(UserControllerTest)" classname="UserControllerTest" time="0.055">
    <failure message="Status expected:&lt;200&gt; but was:&lt;404&gt;" type="java.lang.AssertionError"><![CDATA[java.lang.AssertionError: Status expected:<200> but was:<404>
	at UserControllerTest.test_get_all_success(UserControllerTest.java:73)
]]></failure>
    <system-err><![CDATA[Jun 13, 2017 8:18:53 AM org.springframework.test.web.servlet.setup.StandaloneMockMvcBuilder$StaticRequestMappingHandlerMapping register
INFO: Mapped "{[/newuser],methods=[POST]}" onto public java.lang.String coffee.controller.AppController.saveUser(coffee.model.User,org.springframework.validation.BindingResult,org.springframework.ui.ModelMap)
Jun 13, 2017 8:18:53 AM org.springframework.test.web.servlet.setup.StandaloneMockMvcBuilder$StaticRequestMappingHandlerMapping register
INFO: Mapped "{[/edit-user-{ssoId}],methods=[POST]}" onto public java.lang.String coffee.controller.AppController.updateUser(coffee.model.User,org.springframework.validation.BindingResult,org.springframework.ui.ModelMap,java.lang.String)
Jun 13, 2017 8:18:53 AM org.springframework.test.web.servlet.setup.StandaloneMockMvcBuilder$StaticRequestMappingHandlerMapping register
INFO: Mapped "{[/ || /list],methods=[GET]}" onto public java.lang.String coffee.controller.AppController.listUsers(org.springframework.ui.ModelMap)
Jun 13, 2017 8:18:53 AM org.springframework.test.web.servlet.setup.StandaloneMockMvcBuilder$StaticRequestMappingHandlerMapping register
INFO: Mapped "{[/newuser],methods=[GET]}" onto public java.lang.String coffee.controller.AppController.newUser(org.springframework.ui.ModelMap)
Jun 13, 2017 8:18:53 AM org.springframework.test.web.servlet.setup.StandaloneMockMvcBuilder$StaticRequestMappingHandlerMapping register
INFO: Mapped "{[/edit-user-{ssoId}],methods=[GET]}" onto public java.lang.String coffee.controller.AppController.editUser(java.lang.String,org.springframework.ui.ModelMap)
Jun 13, 2017 8:18:53 AM org.springframework.test.web.servlet.setup.StandaloneMockMvcBuilder$StaticRequestMappingHandlerMapping register
INFO: Mapped "{[/delete-user-{ssoId}],methods=[GET]}" onto public java.lang.String coffee.controller.AppController.deleteUser(java.lang.String)
Jun 13, 2017 8:18:53 AM org.springframework.test.web.servlet.setup.StandaloneMockMvcBuilder$StaticRequestMappingHandlerMapping register
INFO: Mapped "{[/Access_Denied],methods=[GET]}" onto public java.lang.String coffee.controller.AppController.accessDeniedPage(org.springframework.ui.ModelMap)
Jun 13, 2017 8:18:53 AM org.springframework.test.web.servlet.setup.StandaloneMockMvcBuilder$StaticRequestMappingHandlerMapping register
INFO: Mapped "{[/login],methods=[GET]}" onto public java.lang.String coffee.controller.AppController.loginPage()
Jun 13, 2017 8:18:53 AM org.springframework.test.web.servlet.setup.StandaloneMockMvcBuilder$StaticRequestMappingHandlerMapping register
INFO: Mapped "{[/logout],methods=[GET]}" onto public java.lang.String coffee.controller.AppController.logoutPage(javax.servlet.http.HttpServletRequest,javax.servlet.http.HttpServletResponse)
Jun 13, 2017 8:18:53 AM org.springframework.web.servlet.mvc.method.annotation.RequestMappingHandlerAdapter initControllerAdviceCache
INFO: Looking for @ControllerAdvice: org.springframework.test.web.servlet.setup.StubWebApplicationContext@2da7ef3e
Jun 13, 2017 8:18:53 AM org.springframework.mock.web.MockServletContext log
INFO: Initializing Spring FrameworkServlet ''
Jun 13, 2017 8:18:53 AM org.springframework.test.web.servlet.TestDispatcherServlet initServletBean
INFO: FrameworkServlet '': initialization started
Jun 13, 2017 8:18:53 AM org.springframework.test.web.servlet.TestDispatcherServlet initServletBean
INFO: FrameworkServlet '': initialization completed in 1 ms
Jun 13, 2017 8:18:53 AM org.springframework.web.servlet.PageNotFound noHandlerFound
WARNING: No mapping found for HTTP request with URI [/users] in DispatcherServlet with name ''
]]></system-err>
  </testcase>
</testsuite>